#
# There is insufficient memory for the Java Runtime Environment to continue.
# Native memory allocation (malloc) failed to allocate 661776 bytes for Chunk::new
# Possible reasons:
#   The system is out of physical RAM or swap space
#   In 32 bit mode, the process size limit was hit
# Possible solutions:
#   Reduce memory load on the system
#   Increase physical memory or swap space
#   Check if swap backing store is full
#   Use 64 bit Java on a 64 bit OS
#   Decrease Java heap size (-Xmx/-Xms)
#   Decrease number of Java threads
#   Decrease Java thread stack sizes (-Xss)
#   Set larger code cache with -XX:ReservedCodeCacheSize=
# This output file may be truncated or incomplete.
#
#  Out of Memory Error (allocation.cpp:390), pid=9852, tid=0x0000000000002ce4
#
# JRE version: OpenJDK Runtime Environment (8.0_152-b06) (build 1.8.0_152-release-1136-b06)
# Java VM: OpenJDK 64-Bit Server VM (25.152-b06 mixed mode windows-amd64 compressed oops)
# Failed to write core dump. Minidumps are not enabled by default on client versions of Windows
#

---------------  T H R E A D  ---------------

Current thread (0x0000000016270800):  JavaThread "C2 CompilerThread1" daemon [_thread_in_native, id=11492, stack(0x00000000179b0000,0x0000000017ab0000)]

Stack: [0x00000000179b0000,0x0000000017ab0000]
[error occurred during error reporting (printing stack bounds), id 0xc0000005]

Native frames: (J=compiled Java code, j=interpreted, Vv=VM code, C=native code)


Current CompileTask:
C2: 145396 11945 %     4       org.apache.ivy.core.IvyPatternHelper::substituteTokens @ 83 (638 bytes)


---------------  P R O C E S S  ---------------

Java Threads: ( => current thread )
  0x000000001af3c000 JavaThread "Task worker for ':' Thread 3" [_thread_blocked, id=14736, stack(0x0000000025240000,0x0000000025340000)]
  0x000000001af42800 JavaThread "Task worker for ':' Thread 2" [_thread_blocked, id=9856, stack(0x0000000025140000,0x0000000025240000)]
  0x000000001af39000 JavaThread "Task worker for ':'" [_thread_blocked, id=8568, stack(0x0000000025040000,0x0000000025140000)]
  0x000000001b4ca000 JavaThread "Cache worker for Build Output Cleanup Cache (C:\Users\007fa_000\Documents\GitHub\fit.ly\fitly\.gradle\buildOutputCleanup)" [_thread_blocked, id=9232, stack(0x0000000024f40000,0x0000000025040000)]
  0x000000001b4c9800 JavaThread "Cache worker for task history cache (C:\Users\007fa_000\Documents\GitHub\fit.ly\fitly\.gradle\4.6\taskHistory)" [_thread_blocked, id=12068, stack(0x0000000024e40000,0x0000000024f40000)]
  0x000000001b4c7000 JavaThread "Cache worker for file content cache (C:\Users\007fa_000\Documents\GitHub\fit.ly\fitly\.gradle\4.6\fileContent)" [_thread_blocked, id=17296, stack(0x0000000024d40000,0x0000000024e40000)]
  0x000000001b4c5800 JavaThread "Build operations Thread 4" [_thread_blocked, id=1684, stack(0x0000000024c40000,0x0000000024d40000)]
  0x000000001b4c5000 JavaThread "Build operations Thread 3" [_thread_blocked, id=7152, stack(0x0000000024b40000,0x0000000024c40000)]
  0x000000001b4cb000 JavaThread "Build operations Thread 2" [_thread_blocked, id=1720, stack(0x0000000024a40000,0x0000000024b40000)]
  0x000000001b4bd800 JavaThread "Build operations" [_thread_in_native, id=9040, stack(0x0000000024940000,0x0000000024a40000)]
  0x000000001b4c1000 JavaThread "Cache worker for Artifact transforms cache (C:\Users\007fa_000\.gradle\caches\transforms-1)" [_thread_blocked, id=7276, stack(0x0000000024840000,0x0000000024940000)]
  0x000000001b4bf000 JavaThread "Cache worker for file hash cache (C:\Users\007fa_000\Documents\GitHub\fit.ly\fitly\.gradle\4.6\fileHashes)" [_thread_blocked, id=13248, stack(0x0000000024740000,0x0000000024840000)]
  0x000000001b4c0800 JavaThread "Stdin handler" [_thread_blocked, id=1172, stack(0x0000000024640000,0x0000000024740000)]
  0x000000001b4bf800 JavaThread "Asynchronous log dispatcher for DefaultDaemonConnection: socket connection from /127.0.0.1:51154 to /127.0.0.1:51519" [_thread_blocked, id=7000, stack(0x0000000024540000,0x0000000024640000)]
  0x000000001b4c4000 JavaThread "Daemon worker Thread 2" [_thread_blocked, id=17288, stack(0x0000000024440000,0x0000000024540000)]
  0x000000001b4c2000 JavaThread "Cancel handler" [_thread_blocked, id=15804, stack(0x0000000024340000,0x0000000024440000)]
  0x000000001b4be000 JavaThread "Handler for socket connection from /127.0.0.1:51154 to /127.0.0.1:51519" [_thread_in_native, id=14080, stack(0x0000000024240000,0x0000000024340000)]
  0x000000001b4bc800 JavaThread "Daemon Thread 2" [_thread_blocked, id=2220, stack(0x0000000024140000,0x0000000024240000)]
  0x000000001af3b000 JavaThread "Memory manager" [_thread_blocked, id=8008, stack(0x00000000208d0000,0x00000000209d0000)]
  0x000000001af3a800 JavaThread "pool-1-thread-1" [_thread_blocked, id=15684, stack(0x00000000205d0000,0x00000000206d0000)]
  0x00000000193b6000 JavaThread "File lock request listener" [_thread_in_native, id=15072, stack(0x000000001ce00000,0x000000001cf00000)]
  0x000000001ba88800 JavaThread "Cache worker for file hash cache (C:\Users\007fa_000\.gradle\caches\4.6\fileHashes)" [_thread_blocked, id=8320, stack(0x000000001cba0000,0x000000001cca0000)]
  0x0000000019039800 JavaThread "Daemon periodic checks" [_thread_blocked, id=9736, stack(0x000000001a100000,0x000000001a200000)]
  0x000000001905f800 JavaThread "Incoming local TCP Connector on port 51154" [_thread_in_native, id=9828, stack(0x0000000019ec0000,0x0000000019fc0000)]
  0x00000000162ce000 JavaThread "Service Thread" daemon [_thread_blocked, id=872, stack(0x0000000017fb0000,0x00000000180b0000)]
  0x000000001629c000 JavaThread "C1 CompilerThread2" daemon [_thread_blocked, id=3112, stack(0x0000000017ab0000,0x0000000017bb0000)]
=>0x0000000016270800 JavaThread "C2 CompilerThread1" daemon [_thread_in_native, id=11492, stack(0x00000000179b0000,0x0000000017ab0000)]
  0x000000001626c800 JavaThread "C2 CompilerThread0" daemon [_thread_in_native, id=1548, stack(0x00000000178b0000,0x00000000179b0000)]
  0x000000001626b000 JavaThread "Attach Listener" daemon [_thread_blocked, id=5236, stack(0x00000000177b0000,0x00000000178b0000)]
  0x000000001626a000 JavaThread "Signal Dispatcher" daemon [_thread_blocked, id=17096, stack(0x00000000176b0000,0x00000000177b0000)]
  0x00000000028fd000 JavaThread "Finalizer" daemon [_thread_blocked, id=5580, stack(0x00000000174c0000,0x00000000175c0000)]
  0x00000000028f2800 JavaThread "Reference Handler" daemon [_thread_blocked, id=5464, stack(0x00000000173c0000,0x00000000174c0000)]
  0x00000000026fe800 JavaThread "main" [_thread_blocked, id=15832, stack(0x0000000002700000,0x0000000002800000)]

Other Threads:
  0x0000000016236000 VMThread [stack: 0x00000000172c0000,0x00000000173c0000] [id=1396]
  0x0000000017bd1000 WatcherThread [stack: 0x00000000180b0000,0x00000000181b0000] [id=12480]

VM state:not at safepoint (normal execution)

VM Mutex/Monitor currently owned by a thread: None

Heap:
 PSYoungGen      total 226816K, used 141349K [0x00000000e0000000, 0x00000000f2800000, 0x0000000100000000)
  eden space 201216K, 58% used [0x00000000e0000000,0x00000000e7362210,0x00000000ec480000)
  from space 25600K, 90% used [0x00000000ec480000,0x00000000edb27350,0x00000000edd80000)
  to   space 28160K, 0% used [0x00000000f0c80000,0x00000000f0c80000,0x00000000f2800000)
 ParOldGen       total 240640K, used 35633K [0x00000000a0000000, 0x00000000aeb00000, 0x00000000e0000000)
  object space 240640K, 14% used [0x00000000a0000000,0x00000000a22cc4b8,0x00000000aeb00000)
 Metaspace       used 77627K, capacity 80469K, committed 80600K, reserved 1120256K
  class space    used 10161K, capacity 10726K, committed 10752K, reserved 1048576K

Card table byte_map: [0x0000000011cc0000,0x0000000011fd0000] byte_map_base: 0x00000000117c0000

Marking Bits: (ParMarkBitMap*) 0x0000000061d25aa0
 Begin Bits: [0x00000000125d0000, 0x0000000013dd0000)
 End Bits:   [0x0000000013dd0000, 0x00000000155d0000)

Polling page: 0x0000000000ca0000

CodeCache: size=245760Kb used=33002Kb max_used=33002Kb free=212757Kb
 bounds [0x0000000002900000, 0x0000000004970000, 0x0000000011900000]
 total_blobs=10844 nmethods=9995 adapters=760
 compilation: enabled

Compilation events (10 events):
Event: 145.350 Thread 0x000000001629c000 11989       3       org.gradle.api.internal.artifacts.DefaultModuleVersionIdentifier::newId (26 bytes)
Event: 145.350 Thread 0x000000001629c000 nmethod 11989 0x000000000495f7d0 code [0x000000000495f940, 0x000000000495fd68]
Event: 145.350 Thread 0x000000001629c000 11990       3       org.gradle.api.internal.artifacts.DefaultArtifactIdentifier::<init> (32 bytes)
Event: 145.351 Thread 0x000000001629c000 nmethod 11990 0x000000000495fed0 code [0x0000000004960020, 0x0000000004960230]
Event: 145.351 Thread 0x000000001629c000 11991       3       org.gradle.api.internal.artifacts.ivyservice.resolutionstrategy.DefaultCachePolicy::mustRefreshArtifact (89 bytes)
Event: 145.351 Thread 0x000000001629c000 nmethod 11991 0x0000000004960310 code [0x0000000004960500, 0x0000000004961078]
Event: 145.351 Thread 0x000000001629c000 11992       3       org.gradle.api.internal.artifacts.ivyservice.resolutionstrategy.DefaultCachePolicy$4::execute (9 bytes)
Event: 145.351 Thread 0x000000001629c000 nmethod 11992 0x0000000004961650 code [0x00000000049617e0, 0x0000000004961ca8]
Event: 145.351 Thread 0x000000001629c000 11993       3       org.gradle.api.internal.artifacts.ivyservice.resolutionstrategy.DefaultCachePolicy$3::execute (9 bytes)
Event: 145.351 Thread 0x000000001629c000 nmethod 11993 0x0000000004961e50 code [0x0000000004961fe0, 0x0000000004962448]

GC Heap History (10 events):
Event: 12.307 GC heap before
{Heap before GC invocations=8 (full 2):
 PSYoungGen      total 138240K, used 127488K [0x00000000e0000000, 0x00000000ea500000, 0x0000000100000000)
  eden space 127488K, 100% used [0x00000000e0000000,0x00000000e7c80000,0x00000000e7c80000)
  from space 10752K, 0% used [0x00000000e7c80000,0x00000000e7c80000,0x00000000e8700000)
  to   space 13824K, 0% used [0x00000000e9780000,0x00000000e9780000,0x00000000ea500000)
 ParOldGen       total 168960K, used 19087K [0x00000000a0000000, 0x00000000aa500000, 0x00000000e0000000)
  object space 168960K, 11% used [0x00000000a0000000,0x00000000a12a3f90,0x00000000aa500000)
 Metaspace       used 42780K, capacity 43661K, committed 43992K, reserved 1087488K
  class space    used 5793K, capacity 6068K, committed 6144K, reserved 1048576K
Event: 12.321 GC heap after
Heap after GC invocations=8 (full 2):
 PSYoungGen      total 152576K, used 13818K [0x00000000e0000000, 0x00000000edc80000, 0x0000000100000000)
  eden space 138752K, 0% used [0x00000000e0000000,0x00000000e0000000,0x00000000e8780000)
  from space 13824K, 99% used [0x00000000e9780000,0x00000000ea4fea68,0x00000000ea500000)
  to   space 16384K, 0% used [0x00000000e8780000,0x00000000e8780000,0x00000000e9780000)
 ParOldGen       total 168960K, used 20314K [0x00000000a0000000, 0x00000000aa500000, 0x00000000e0000000)
  object space 168960K, 12% used [0x00000000a0000000,0x00000000a13d6820,0x00000000aa500000)
 Metaspace       used 42780K, capacity 43661K, committed 43992K, reserved 1087488K
  class space    used 5793K, capacity 6068K, committed 6144K, reserved 1048576K
}
Event: 13.877 GC heap before
{Heap before GC invocations=9 (full 2):
 PSYoungGen      total 152576K, used 152570K [0x00000000e0000000, 0x00000000edc80000, 0x0000000100000000)
  eden space 138752K, 100% used [0x00000000e0000000,0x00000000e8780000,0x00000000e8780000)
  from space 13824K, 99% used [0x00000000e9780000,0x00000000ea4fea68,0x00000000ea500000)
  to   space 16384K, 0% used [0x00000000e8780000,0x00000000e8780000,0x00000000e9780000)
 ParOldGen       total 168960K, used 20314K [0x00000000a0000000, 0x00000000aa500000, 0x00000000e0000000)
  object space 168960K, 12% used [0x00000000a0000000,0x00000000a13d6820,0x00000000aa500000)
 Metaspace       used 55124K, capacity 56765K, committed 56792K, reserved 1097728K
  class space    used 7539K, capacity 7930K, committed 7936K, reserved 1048576K
Event: 13.893 GC heap after
Heap after GC invocations=9 (full 2):
 PSYoungGen      total 155136K, used 16365K [0x00000000e0000000, 0x00000000ef380000, 0x0000000100000000)
  eden space 138752K, 0% used [0x00000000e0000000,0x00000000e0000000,0x00000000e8780000)
  from space 16384K, 99% used [0x00000000e8780000,0x00000000e977b530,0x00000000e9780000)
  to   space 22016K, 0% used [0x00000000ede00000,0x00000000ede00000,0x00000000ef380000)
 ParOldGen       total 168960K, used 26987K [0x00000000a0000000, 0x00000000aa500000, 0x00000000e0000000)
  object space 168960K, 15% used [0x00000000a0000000,0x00000000a1a5ae88,0x00000000aa500000)
 Metaspace       used 55124K, capacity 56765K, committed 56792K, reserved 1097728K
  class space    used 7539K, capacity 7930K, committed 7936K, reserved 1048576K
}
Event: 15.569 GC heap before
{Heap before GC invocations=10 (full 2):
 PSYoungGen      total 155136K, used 94485K [0x00000000e0000000, 0x00000000ef380000, 0x0000000100000000)
  eden space 138752K, 56% used [0x00000000e0000000,0x00000000e4c4a120,0x00000000e8780000)
  from space 16384K, 99% used [0x00000000e8780000,0x00000000e977b530,0x00000000e9780000)
  to   space 22016K, 0% used [0x00000000ede00000,0x00000000ede00000,0x00000000ef380000)
 ParOldGen       total 168960K, used 26987K [0x00000000a0000000, 0x00000000aa500000, 0x00000000e0000000)
  object space 168960K, 15% used [0x00000000a0000000,0x00000000a1a5ae88,0x00000000aa500000)
 Metaspace       used 57218K, capacity 58837K, committed 58968K, reserved 1099776K
  class space    used 7801K, capacity 8208K, committed 8320K, reserved 1048576K
Event: 15.585 GC heap after
Heap after GC invocations=10 (full 2):
 PSYoungGen      total 223232K, used 21997K [0x00000000e0000000, 0x00000000ef680000, 0x0000000100000000)
  eden space 201216K, 0% used [0x00000000e0000000,0x00000000e0000000,0x00000000ec480000)
  from space 22016K, 99% used [0x00000000ede00000,0x00000000ef37b530,0x00000000ef380000)
  to   space 25600K, 0% used [0x00000000ec480000,0x00000000ec480000,0x00000000edd80000)
 ParOldGen       total 168960K, used 27812K [0x00000000a0000000, 0x00000000aa500000, 0x00000000e0000000)
  object space 168960K, 16% used [0x00000000a0000000,0x00000000a1b291f8,0x00000000aa500000)
 Metaspace       used 57218K, capacity 58837K, committed 58968K, reserved 1099776K
  class space    used 7801K, capacity 8208K, committed 8320K, reserved 1048576K
}
Event: 15.585 GC heap before
{Heap before GC invocations=11 (full 3):
 PSYoungGen      total 223232K, used 21997K [0x00000000e0000000, 0x00000000ef680000, 0x0000000100000000)
  eden space 201216K, 0% used [0x00000000e0000000,0x00000000e0000000,0x00000000ec480000)
  from space 22016K, 99% used [0x00000000ede00000,0x00000000ef37b530,0x00000000ef380000)
  to   space 25600K, 0% used [0x00000000ec480000,0x00000000ec480000,0x00000000edd80000)
 ParOldGen       total 168960K, used 27812K [0x00000000a0000000, 0x00000000aa500000, 0x00000000e0000000)
  object space 168960K, 16% used [0x00000000a0000000,0x00000000a1b291f8,0x00000000aa500000)
 Metaspace       used 57218K, capacity 58837K, committed 58968K, reserved 1099776K
  class space    used 7801K, capacity 8208K, committed 8320K, reserved 1048576K
Event: 15.703 GC heap after
Heap after GC invocations=11 (full 3):
 PSYoungGen      total 223232K, used 0K [0x00000000e0000000, 0x00000000ef680000, 0x0000000100000000)
  eden space 201216K, 0% used [0x00000000e0000000,0x00000000e0000000,0x00000000ec480000)
  from space 22016K, 0% used [0x00000000ede00000,0x00000000ede00000,0x00000000ef380000)
  to   space 25600K, 0% used [0x00000000ec480000,0x00000000ec480000,0x00000000edd80000)
 ParOldGen       total 240640K, used 35625K [0x00000000a0000000, 0x00000000aeb00000, 0x00000000e0000000)
  object space 240640K, 14% used [0x00000000a0000000,0x00000000a22ca4b8,0x00000000aeb00000)
 Metaspace       used 57218K, capacity 58837K, committed 58968K, reserved 1099776K
  class space    used 7801K, capacity 8208K, committed 8320K, reserved 1048576K
}
Event: 21.484 GC heap before
{Heap before GC invocations=12 (full 3):
 PSYoungGen      total 223232K, used 201216K [0x00000000e0000000, 0x00000000ef680000, 0x0000000100000000)
  eden space 201216K, 100% used [0x00000000e0000000,0x00000000ec480000,0x00000000ec480000)
  from space 22016K, 0% used [0x00000000ede00000,0x00000000ede00000,0x00000000ef380000)
  to   space 25600K, 0% used [0x00000000ec480000,0x00000000ec480000,0x00000000edd80000)
 ParOldGen       total 240640K, used 35625K [0x00000000a0000000, 0x00000000aeb00000, 0x00000000e0000000)
  object space 240640K, 14% used [0x00000000a0000000,0x00000000a22ca4b8,0x00000000aeb00000)
 Metaspace       used 70261K, capacity 72373K, committed 72536K, reserved 1112064K
  class space    used 9303K, capacity 9778K, committed 9856K, reserved 1048576K
Event: 21.517 GC heap after
Heap after GC invocations=12 (full 3):
 PSYoungGen      total 226816K, used 23196K [0x00000000e0000000, 0x00000000f2800000, 0x0000000100000000)
  eden space 201216K, 0% used [0x00000000e0000000,0x00000000e0000000,0x00000000ec480000)
  from space 25600K, 90% used [0x00000000ec480000,0x00000000edb27350,0x00000000edd80000)
  to   space 28160K, 0% used [0x00000000f0c80000,0x00000000f0c80000,0x00000000f2800000)
 ParOldGen       total 240640K, used 35633K [0x00000000a0000000, 0x00000000aeb00000, 0x00000000e0000000)
  object space 240640K, 14% used [0x00000000a0000000,0x00000000a22cc4b8,0x00000000aeb00000)
 Metaspace       used 70261K, capacity 72373K, committed 72536K, reserved 1112064K
  class space    used 9303K, capacity 9778K, committed 9856K, reserved 1048576K
}

Deoptimization events (10 events):
Event: 92.674 Thread 0x0000000019039800 Uncommon trap: reason=bimorphic action=maybe_recompile pc=0x00000000040705cc method=java.util.HashMap.removeNode(ILjava/lang/Object;Ljava/lang/Object;ZZ)Ljava/util/HashMap$Node; @ 283
Event: 92.674 Thread 0x0000000019039800 Uncommon trap: reason=bimorphic action=maybe_recompile pc=0x0000000003110968 method=java.util.HashMap.removeNode(ILjava/lang/Object;Ljava/lang/Object;ZZ)Ljava/util/HashMap$Node; @ 283
Event: 144.906 Thread 0x000000001b4bc800 Uncommon trap: reason=class_check action=maybe_recompile pc=0x00000000044c4b9c method=org.gradle.internal.logging.sink.OutputEventRenderer$4.onOutput(Lorg/gradle/internal/logging/events/OutputEvent;)V @ 11
Event: 144.936 Thread 0x000000001b4c4000 Uncommon trap: reason=predicate action=maybe_recompile pc=0x0000000002eae818 method=com.google.common.collect.ImmutableSet.construct(I[Ljava/lang/Object;)Lcom/google/common/collect/ImmutableSet; @ 71
Event: 144.944 Thread 0x000000001b4c4000 Uncommon trap: reason=class_check action=maybe_recompile pc=0x00000000034e30dc method=org.gradle.api.internal.changedetection.state.CachingFileHasher.snapshot(Ljava/io/File;JJ)Lorg/gradle/api/internal/changedetection/state/CachingFileHasher$FileInfo; @ 14
Event: 144.944 Thread 0x000000001b4c4000 Uncommon trap: reason=class_check action=maybe_recompile pc=0x00000000034e30dc method=org.gradle.api.internal.changedetection.state.CachingFileHasher.snapshot(Ljava/io/File;JJ)Lorg/gradle/api/internal/changedetection/state/CachingFileHasher$FileInfo; @ 14
Event: 144.965 Thread 0x000000001b4c4000 Uncommon trap: reason=class_check action=maybe_recompile pc=0x00000000034e30dc method=org.gradle.api.internal.changedetection.state.CachingFileHasher.snapshot(Ljava/io/File;JJ)Lorg/gradle/api/internal/changedetection/state/CachingFileHasher$FileInfo; @ 14
Event: 145.083 Thread 0x000000001b4c4000 Uncommon trap: reason=class_check action=maybe_recompile pc=0x00000000034e30dc method=org.gradle.api.internal.changedetection.state.CachingFileHasher.snapshot(Ljava/io/File;JJ)Lorg/gradle/api/internal/changedetection/state/CachingFileHasher$FileInfo; @ 14
Event: 145.136 Thread 0x000000001b4c4000 Uncommon trap: reason=class_check action=maybe_recompile pc=0x00000000045741e4 method=java.util.concurrent.ConcurrentHashMap.computeIfAbsent(Ljava/lang/Object;Ljava/util/function/Function;)Ljava/lang/Object; @ 17
Event: 145.154 Thread 0x000000001b4c4000 Uncommon trap: reason=bimorphic action=maybe_recompile pc=0x00000000047c354c method=java.util.stream.MatchOps$1MatchSink.accept(Ljava/lang/Object;)V @ 12

Classes redefined (0 events):
No events

Internal exceptions (10 events):
Event: 23.055 Thread 0x0000000019042800 Exception <a 'java/lang/NoSuchMethodError': <clinit>> (0x00000000e52543c8) thrown at [D:\src\AOSP-openjdk-cygwin\jdk8u\hotspot\src\share\vm\prims\jni.cpp, line 1613]
Event: 23.056 Thread 0x0000000019042800 Exception <a 'java/lang/NoSuchMethodError': <clinit>> (0x00000000e52603c8) thrown at [D:\src\AOSP-openjdk-cygwin\jdk8u\hotspot\src\share\vm\prims\jni.cpp, line 1613]
Event: 23.056 Thread 0x0000000019042800 Exception <a 'java/lang/NoSuchMethodError': <clinit>> (0x00000000e526ad30) thrown at [D:\src\AOSP-openjdk-cygwin\jdk8u\hotspot\src\share\vm\prims\jni.cpp, line 1613]
Event: 23.057 Thread 0x0000000019042800 Exception <a 'java/lang/NoSuchMethodError': <clinit>> (0x00000000e52743e8) thrown at [D:\src\AOSP-openjdk-cygwin\jdk8u\hotspot\src\share\vm\prims\jni.cpp, line 1613]
Event: 23.059 Thread 0x0000000019042800 Exception <a 'java/lang/NoSuchMethodError': <clinit>> (0x00000000e528fce0) thrown at [D:\src\AOSP-openjdk-cygwin\jdk8u\hotspot\src\share\vm\prims\jni.cpp, line 1613]
Event: 23.061 Thread 0x0000000019042800 Exception <a 'java/lang/NoSuchMethodError': <clinit>> (0x00000000e52a0098) thrown at [D:\src\AOSP-openjdk-cygwin\jdk8u\hotspot\src\share\vm\prims\jni.cpp, line 1613]
Event: 23.072 Thread 0x0000000019042800 Exception <a 'java/lang/NoSuchMethodError': <clinit>> (0x00000000e52a5018) thrown at [D:\src\AOSP-openjdk-cygwin\jdk8u\hotspot\src\share\vm\prims\jni.cpp, line 1613]
Event: 23.108 Thread 0x0000000019045000 Exception <a 'java/lang/NoSuchMethodError': <clinit>> (0x00000000e5784da0) thrown at [D:\src\AOSP-openjdk-cygwin\jdk8u\hotspot\src\share\vm\prims\jni.cpp, line 1613]
Event: 145.114 Thread 0x000000001b4c4000 Exception <a 'sun/nio/fs/WindowsException'> (0x00000000e643a980) thrown at [D:\src\AOSP-openjdk-cygwin\jdk8u\hotspot\src\share\vm\prims\jni.cpp, line 709]
Event: 145.126 Thread 0x000000001b4c4000 Exception <a 'sun/nio/fs/WindowsException'> (0x00000000e6446b08) thrown at [D:\src\AOSP-openjdk-cygwin\jdk8u\hotspot\src\share\vm\prims\jni.cpp, line 709]

Events (10 events):
Event: 145.245 Thread 0x000000001af42800 Thread added: 0x000000001af42800
Event: 145.245 Thread 0x000000001af3c000 Thread added: 0x000000001af3c000
Event: 145.252 Executing VM operation: RevokeBias
Event: 145.252 Executing VM operation: RevokeBias done
Event: 145.313 Executing VM operation: RevokeBias
Event: 145.313 Executing VM operation: RevokeBias done
Event: 145.314 Executing VM operation: RevokeBias
Event: 145.314 Executing VM operation: RevokeBias done
Event: 145.314 Executing VM operation: RevokeBias
Event: 145.314 Executing VM operation: RevokeBias done


Dynamic libraries:
0x00007ff6aebb0000 - 0x00007ff6aebe1000 	C:\Program Files\Android\Android Studio\jre\bin\java.exe
0x00007ffb0a7f0000 - 0x00007ffb0a9d1000 	C:\WINDOWS\SYSTEM32\ntdll.dll
0x00007ffb08c70000 - 0x00007ffb08d22000 	C:\WINDOWS\System32\KERNEL32.DLL
0x00007ffb07a00000 - 0x00007ffb07c73000 	C:\WINDOWS\System32\KERNELBASE.dll
0x00007ffb08150000 - 0x00007ffb081f1000 	C:\WINDOWS\System32\ADVAPI32.dll
0x00007ffb08ff0000 - 0x00007ffb0908e000 	C:\WINDOWS\System32\msvcrt.dll
0x00007ffb08b70000 - 0x00007ffb08bcb000 	C:\WINDOWS\System32\sechost.dll
0x00007ffb088e0000 - 0x00007ffb08a04000 	C:\WINDOWS\System32\RPCRT4.dll
0x00007ffb09160000 - 0x00007ffb092f0000 	C:\WINDOWS\System32\USER32.dll
0x00007ffb07100000 - 0x00007ffb07120000 	C:\WINDOWS\System32\win32u.dll
0x00007ffb09350000 - 0x00007ffb09378000 	C:\WINDOWS\System32\GDI32.dll
0x00007ffb06c20000 - 0x00007ffb06db2000 	C:\WINDOWS\System32\gdi32full.dll
0x00007ffb07060000 - 0x00007ffb070ff000 	C:\WINDOWS\System32\msvcp_win.dll
0x00007ffb07120000 - 0x00007ffb0721a000 	C:\WINDOWS\System32\ucrtbase.dll
0x00007ffafad20000 - 0x00007ffafaf89000 	C:\WINDOWS\WinSxS\amd64_microsoft.windows.common-controls_6595b64144ccf1df_6.0.17134.345_none_fb429a5930656358\COMCTL32.dll
0x00007ffb07e20000 - 0x00007ffb08143000 	C:\WINDOWS\System32\combase.dll
0x00007ffb07930000 - 0x00007ffb079aa000 	C:\WINDOWS\System32\bcryptPrimitives.dll
0x00007ffb08f40000 - 0x00007ffb08f6d000 	C:\WINDOWS\System32\IMM32.DLL
0x0000000061400000 - 0x00000000614d2000 	C:\Program Files\Android\Android Studio\jre\jre\bin\msvcr100.dll
0x0000000061560000 - 0x0000000061da1000 	C:\Program Files\Android\Android Studio\jre\jre\bin\server\jvm.dll
0x00007ffb08d30000 - 0x00007ffb08d38000 	C:\WINDOWS\System32\PSAPI.DLL
0x00007ffb039a0000 - 0x00007ffb039c3000 	C:\WINDOWS\SYSTEM32\WINMM.dll
0x00007ffb01e50000 - 0x00007ffb01e5a000 	C:\WINDOWS\SYSTEM32\VERSION.dll
0x00007ffaf2560000 - 0x00007ffaf2569000 	C:\WINDOWS\SYSTEM32\WSOCK32.dll
0x00007ffb08f80000 - 0x00007ffb08fec000 	C:\WINDOWS\System32\WS2_32.dll
0x00007ffb03970000 - 0x00007ffb0399a000 	C:\WINDOWS\SYSTEM32\WINMMBASE.dll
0x00007ffb079b0000 - 0x00007ffb079f9000 	C:\WINDOWS\System32\cfgmgr32.dll
0x00007ffafefa0000 - 0x00007ffafefaf000 	C:\Program Files\Android\Android Studio\jre\jre\bin\verify.dll
0x00007ffafd7b0000 - 0x00007ffafd7d9000 	C:\Program Files\Android\Android Studio\jre\jre\bin\java.dll
0x00007ffafd880000 - 0x00007ffafd896000 	C:\Program Files\Android\Android Studio\jre\jre\bin\zip.dll
0x00007ffb09380000 - 0x00007ffb0a7bf000 	C:\WINDOWS\System32\SHELL32.dll
0x00007ffb086b0000 - 0x00007ffb08759000 	C:\WINDOWS\System32\shcore.dll
0x00007ffb07220000 - 0x00007ffb0792d000 	C:\WINDOWS\System32\windows.storage.dll
0x00007ffb092f0000 - 0x00007ffb09341000 	C:\WINDOWS\System32\shlwapi.dll
0x00007ffb06b80000 - 0x00007ffb06b91000 	C:\WINDOWS\System32\kernel.appcore.dll
0x00007ffb06ba0000 - 0x00007ffb06bbf000 	C:\WINDOWS\System32\profapi.dll
0x00007ffb06b30000 - 0x00007ffb06b7c000 	C:\WINDOWS\System32\powrprof.dll
0x00007ffb06b00000 - 0x00007ffb06b0a000 	C:\WINDOWS\System32\FLTLIB.DLL
0x00007ffafd1c0000 - 0x00007ffafd1da000 	C:\Program Files\Android\Android Studio\jre\jre\bin\net.dll
0x00007ffb06380000 - 0x00007ffb063e6000 	C:\WINDOWS\system32\mswsock.dll
0x00007ffafd1a0000 - 0x00007ffafd1b1000 	C:\Program Files\Android\Android Studio\jre\jre\bin\nio.dll
0x00007ffb01bf0000 - 0x00007ffb01c0e000 	C:\Users\007fa_000\.gradle\native\25\windows-amd64\native-platform.dll
0x00007ffafef90000 - 0x00007ffafef9d000 	C:\Program Files\Android\Android Studio\jre\jre\bin\management.dll
0x00007ffb06530000 - 0x00007ffb06547000 	C:\WINDOWS\SYSTEM32\CRYPTSP.dll
0x00007ffb05f60000 - 0x00007ffb05f93000 	C:\WINDOWS\system32\rsaenh.dll
0x00007ffb06660000 - 0x00007ffb06685000 	C:\WINDOWS\SYSTEM32\bcrypt.dll
0x00007ffb06a00000 - 0x00007ffb06a28000 	C:\WINDOWS\SYSTEM32\USERENV.dll
0x00007ffb06550000 - 0x00007ffb0655b000 	C:\WINDOWS\SYSTEM32\CRYPTBASE.dll
0x00007ffb06100000 - 0x00007ffb06138000 	C:\WINDOWS\SYSTEM32\IPHLPAPI.DLL
0x00007ffb08f70000 - 0x00007ffb08f78000 	C:\WINDOWS\System32\NSI.dll
0x00007ffb01a50000 - 0x00007ffb01a66000 	C:\WINDOWS\SYSTEM32\dhcpcsvc6.DLL
0x00007ffb01a20000 - 0x00007ffb01a3a000 	C:\WINDOWS\SYSTEM32\dhcpcsvc.DLL

VM Arguments:
jvm_args: -Xmx1536m -Dfile.encoding=windows-1252 -Duser.country=US -Duser.language=en -Duser.variant 
java_command: org.gradle.launcher.daemon.bootstrap.GradleDaemon 4.6
java_class_path (initial): C:\Users\007fa_000\.gradle\wrapper\dists\gradle-4.6-all\bcst21l2brirad8k2ben1letg\gradle-4.6\lib\gradle-launcher-4.6.jar
Launcher Type: SUN_STANDARD

Environment Variables:
JAVA_HOME=C:\Program Files\Java\jdk1.8.0_181
CLASSPATH=.;
PATH=C:\ProgramData\Oracle\Java\javapath;C:\Java\jdk1.8.0_45\bin;C:\Windows\System32\;C:\Windows\;C:\Windows\System32\Wbem;C:\Program Files (x86)\NVIDIA Corporation\PhysX\Common;C:\Program Files (x86)\Windows Live\Shared;C:\WINDOWS\system32;C:\WINDOWS;C:\WINDOWS\System32\Wbem;C:\WINDOWS\System32\WindowsPowerShell\v1.0\;C:\Program Files\Common Files\Autodesk Shared\;C:\Program Files (x86)\Autodesk\Backburner\;C:\Program Files\PuTTY\;C:\Program Files\cURL\bin;C:\Program Files (x86)\Skype\Phone\;C:\Program Files\Git\cmd;C:\WINDOWS\System32\OpenSSH\;C:\ProgramData\chocolatey\bin;C:\Program Files\Microsoft VS Code\bin;C:\Program Files\dotnet\;C:\Program Files\Java\jdk1.8.0_181\bin;C:\Program Files\Java\jdk-9.0.4\bin;C:\Users\007fa_000\AppData\Local\Microsoft\WindowsApps;C:\Users\007fa_000\AppData\Local\atom\bin;C:\Users\007fa_000\AppData\Local\GitHubDesktop\bin
USERNAME=007fa_000
OS=Windows_NT
PROCESSOR_IDENTIFIER=Intel64 Family 6 Model 60 Stepping 3, GenuineIntel



---------------  S Y S T E M  ---------------

OS: Windows 10.0 , 64 bit Build 17134 (10.0.17134.1)

CPU:total 4 (initial active 4) (4 cores per cpu, 1 threads per core) family 6 model 60 stepping 3, cmov, cx8, fxsr, mmx, sse, sse2, sse3, ssse3, sse4.1, sse4.2, popcnt, avx, avx2, aes, clmul, erms, lzcnt, tsc, tscinvbit, bmi1, bmi2

Memory: 4k page, physical 16718452k(5350932k free), swap 17767028k(4708k free)

vm_info: OpenJDK 64-Bit Server VM (25.152-b06) for windows-amd64 JRE (1.8.0_152-release-1136-b06), built by "builder" with MS VC++ 10.0 (VS2010)

time: Sun Oct 28 17:28:44 2018
elapsed time: 145 seconds (0d 0h 2m 25s)

