#
# There is insufficient memory for the Java Runtime Environment to continue.
# Native memory allocation (malloc) failed to allocate 32784 bytes for Chunk::new
# Possible reasons:
#   The system is out of physical RAM or swap space
#   In 32 bit mode, the process size limit was hit
# Possible solutions:
#   Reduce memory load on the system
#   Increase physical memory or swap space
#   Check if swap backing store is full
#   Use 64 bit Java on a 64 bit OS
#   Decrease Java heap size (-Xmx/-Xms)
#   Decrease number of Java threads
#   Decrease Java thread stack sizes (-Xss)
#   Set larger code cache with -XX:ReservedCodeCacheSize=
# This output file may be truncated or incomplete.
#
#  Out of Memory Error (allocation.cpp:390), pid=14748, tid=0x0000000000001ef4
#
# JRE version: OpenJDK Runtime Environment (8.0_152-b06) (build 1.8.0_152-release-1136-b06)
# Java VM: OpenJDK 64-Bit Server VM (25.152-b06 mixed mode windows-amd64 compressed oops)
# Failed to write core dump. Minidumps are not enabled by default on client versions of Windows
#

---------------  T H R E A D  ---------------

Current thread (0x0000000015e91800):  JavaThread "C2 CompilerThread1" daemon [_thread_in_native, id=7924, stack(0x00000000175d0000,0x00000000176d0000)]

Stack: [0x00000000175d0000,0x00000000176d0000]
[error occurred during error reporting (printing stack bounds), id 0xc0000005]

Native frames: (J=compiled Java code, j=interpreted, Vv=VM code, C=native code)


Current CompileTask:
C2:  14704 2897       4       org.objectweb.asm.Frame::execute (2273 bytes)


---------------  P R O C E S S  ---------------

Java Threads: ( => current thread )
  0x0000000019411000 JavaThread "Build operations Thread 4" [_thread_blocked, id=14376, stack(0x000000001fc00000,0x000000001fd00000)]
  0x000000001940b000 JavaThread "Build operations Thread 3" [_thread_blocked, id=9488, stack(0x000000001fb00000,0x000000001fc00000)]
  0x000000001940f800 JavaThread "Build operations Thread 2" [_thread_blocked, id=2556, stack(0x000000001fa00000,0x000000001fb00000)]
  0x000000001940a800 JavaThread "Build operations" [_thread_blocked, id=17008, stack(0x000000001f900000,0x000000001fa00000)]
  0x000000001940c800 JavaThread "Cache worker for Artifact transforms cache (C:\Users\007fa_000\.gradle\caches\transforms-1)" [_thread_blocked, id=7256, stack(0x000000001e530000,0x000000001e630000)]
  0x00000000179c7000 JavaThread "Cache worker for file hash cache (C:\Users\007fa_000\Documents\GitHub\fit.ly\fitly\.gradle\4.6\fileHashes)" [_thread_blocked, id=15764, stack(0x000000001b9f0000,0x000000001baf0000)]
  0x0000000018f71800 JavaThread "File lock request listener" [_thread_in_native, id=16676, stack(0x000000001b8f0000,0x000000001b9f0000)]
  0x000000001780a800 JavaThread "Cache worker for file hash cache (C:\Users\007fa_000\.gradle\caches\4.6\fileHashes)" [_thread_blocked, id=13960, stack(0x000000001a820000,0x000000001a920000)]
  0x0000000018db4000 JavaThread "Stdin handler" [_thread_blocked, id=3580, stack(0x000000001a520000,0x000000001a620000)]
  0x0000000018db0800 JavaThread "Asynchronous log dispatcher for DefaultDaemonConnection: socket connection from /127.0.0.1:59504 to /127.0.0.1:59505" [_thread_blocked, id=5456, stack(0x000000001a420000,0x000000001a520000)]
  0x0000000018dab800 JavaThread "Daemon worker" [_thread_in_vm, id=3112, stack(0x000000001a320000,0x000000001a420000)]
  0x0000000018de6800 JavaThread "Cancel handler" [_thread_blocked, id=12320, stack(0x000000001a220000,0x000000001a320000)]
  0x0000000018da1800 JavaThread "Handler for socket connection from /127.0.0.1:59504 to /127.0.0.1:59505" [_thread_in_native, id=12848, stack(0x0000000019f20000,0x000000001a020000)]
  0x0000000018da0800 JavaThread "Daemon" [_thread_blocked, id=6400, stack(0x0000000019e20000,0x0000000019f20000)]
  0x0000000018d42800 JavaThread "Daemon periodic checks" [_thread_blocked, id=4588, stack(0x0000000019d20000,0x0000000019e20000)]
  0x0000000018ce5000 JavaThread "Incoming local TCP Connector on port 59504" [_thread_in_native, id=5592, stack(0x0000000019ae0000,0x0000000019be0000)]
  0x00000000177f1000 JavaThread "Service Thread" daemon [_thread_blocked, id=7120, stack(0x0000000017bd0000,0x0000000017cd0000)]
  0x0000000015e98000 JavaThread "C1 CompilerThread2" daemon [_thread_blocked, id=3520, stack(0x00000000176d0000,0x00000000177d0000)]
=>0x0000000015e91800 JavaThread "C2 CompilerThread1" daemon [_thread_in_native, id=7924, stack(0x00000000175d0000,0x00000000176d0000)]
  0x0000000015e8d000 JavaThread "C2 CompilerThread0" daemon [_thread_blocked, id=9916, stack(0x00000000174d0000,0x00000000175d0000)]
  0x0000000015e8c000 JavaThread "Attach Listener" daemon [_thread_blocked, id=6248, stack(0x00000000173d0000,0x00000000174d0000)]
  0x0000000015e8a800 JavaThread "Signal Dispatcher" daemon [_thread_blocked, id=3572, stack(0x00000000172d0000,0x00000000173d0000)]
  0x000000000251e800 JavaThread "Finalizer" daemon [_thread_blocked, id=16220, stack(0x00000000170e0000,0x00000000171e0000)]
  0x0000000002512800 JavaThread "Reference Handler" daemon [_thread_blocked, id=3612, stack(0x0000000016fe0000,0x00000000170e0000)]
  0x0000000002422800 JavaThread "main" [_thread_blocked, id=2472, stack(0x0000000002260000,0x0000000002360000)]

Other Threads:
  0x0000000015e56000 VMThread [stack: 0x0000000016ee0000,0x0000000016fe0000] [id=17128]
  0x00000000177f1800 WatcherThread [stack: 0x0000000017cd0000,0x0000000017dd0000] [id=15208]

VM state:not at safepoint (normal execution)

VM Mutex/Monitor currently owned by a thread: None

Heap:
 PSYoungGen      total 76288K, used 72349K [0x00000000e0000000, 0x00000000e8380000, 0x0000000100000000)
  eden space 65536K, 99% used [0x00000000e0000000,0x00000000e3ff6340,0x00000000e4000000)
  from space 10752K, 63% used [0x00000000e4a80000,0x00000000e5131380,0x00000000e5500000)
  to   space 10752K, 0% used [0x00000000e4000000,0x00000000e4000000,0x00000000e4a80000)
 ParOldGen       total 92160K, used 8769K [0x00000000a0000000, 0x00000000a5a00000, 0x00000000e0000000)
  object space 92160K, 9% used [0x00000000a0000000,0x00000000a08905a0,0x00000000a5a00000)
 Metaspace       used 30004K, capacity 30474K, committed 30720K, reserved 1075200K
  class space    used 4195K, capacity 4324K, committed 4352K, reserved 1048576K

Card table byte_map: [0x00000000118e0000,0x0000000011bf0000] byte_map_base: 0x00000000113e0000

Marking Bits: (ParMarkBitMap*) 0x0000000061d25aa0
 Begin Bits: [0x00000000121f0000, 0x00000000139f0000)
 End Bits:   [0x00000000139f0000, 0x00000000151f0000)

Polling page: 0x0000000000510000

CodeCache: size=245760Kb used=9724Kb max_used=9724Kb free=236035Kb
 bounds [0x0000000002520000, 0x0000000002eb0000, 0x0000000011520000]
 total_blobs=3357 nmethods=2688 adapters=582
 compilation: enabled

Compilation events (10 events):
Event: 14.689 Thread 0x0000000015e98000 nmethod 2892 0x0000000002ea3990 code [0x0000000002ea3be0, 0x0000000002ea4c68]
Event: 14.694 Thread 0x0000000015e98000 2893       3       java.lang.reflect.WeakCache$CacheKey::<init> (15 bytes)
Event: 14.695 Thread 0x0000000015e98000 nmethod 2893 0x0000000002ea6610 code [0x0000000002ea67a0, 0x0000000002ea6ae8]
Event: 14.695 Thread 0x0000000015e98000 2894       3       java.lang.reflect.Proxy$Key1::equals (47 bytes)
Event: 14.695 Thread 0x0000000015e98000 nmethod 2894 0x0000000002ea6c50 code [0x0000000002ea6de0, 0x0000000002ea7430]
Event: 14.695 Thread 0x0000000015e98000 2895       3       java.lang.reflect.WeakCache$CacheKey::equals (46 bytes)
Event: 14.695 Thread 0x0000000015e98000 nmethod 2895 0x0000000002ea7550 code [0x0000000002ea76c0, 0x0000000002ea7cb0]
Event: 14.696 Thread 0x0000000015e98000 2896       3       com.google.common.collect.LinkedHashMultimap::succeedsInMultimap (11 bytes)
Event: 14.696 Thread 0x0000000015e98000 nmethod 2896 0x0000000002ea7d90 code [0x0000000002ea7f00, 0x0000000002ea8230]
Event: 14.697 Thread 0x0000000015e91800 2897       4       org.objectweb.asm.Frame::execute (2273 bytes)

GC Heap History (10 events):
Event: 7.573 GC heap before
{Heap before GC invocations=1 (full 0):
 PSYoungGen      total 76288K, used 65536K [0x00000000e0000000, 0x00000000e5500000, 0x0000000100000000)
  eden space 65536K, 100% used [0x00000000e0000000,0x00000000e4000000,0x00000000e4000000)
  from space 10752K, 0% used [0x00000000e4a80000,0x00000000e4a80000,0x00000000e5500000)
  to   space 10752K, 0% used [0x00000000e4000000,0x00000000e4000000,0x00000000e4a80000)
 ParOldGen       total 175104K, used 0K [0x00000000a0000000, 0x00000000aab00000, 0x00000000e0000000)
  object space 175104K, 0% used [0x00000000a0000000,0x00000000a0000000,0x00000000aab00000)
 Metaspace       used 10418K, capacity 10664K, committed 10752K, reserved 1058816K
  class space    used 1363K, capacity 1486K, committed 1536K, reserved 1048576K
Event: 7.580 GC heap after
Heap after GC invocations=1 (full 0):
 PSYoungGen      total 76288K, used 7630K [0x00000000e0000000, 0x00000000e5500000, 0x0000000100000000)
  eden space 65536K, 0% used [0x00000000e0000000,0x00000000e0000000,0x00000000e4000000)
  from space 10752K, 70% used [0x00000000e4000000,0x00000000e47739c0,0x00000000e4a80000)
  to   space 10752K, 0% used [0x00000000e4a80000,0x00000000e4a80000,0x00000000e5500000)
 ParOldGen       total 175104K, used 16K [0x00000000a0000000, 0x00000000aab00000, 0x00000000e0000000)
  object space 175104K, 0% used [0x00000000a0000000,0x00000000a0004000,0x00000000aab00000)
 Metaspace       used 10418K, capacity 10664K, committed 10752K, reserved 1058816K
  class space    used 1363K, capacity 1486K, committed 1536K, reserved 1048576K
}
Event: 8.687 GC heap before
{Heap before GC invocations=2 (full 0):
 PSYoungGen      total 76288K, used 73166K [0x00000000e0000000, 0x00000000e5500000, 0x0000000100000000)
  eden space 65536K, 100% used [0x00000000e0000000,0x00000000e4000000,0x00000000e4000000)
  from space 10752K, 70% used [0x00000000e4000000,0x00000000e47739c0,0x00000000e4a80000)
  to   space 10752K, 0% used [0x00000000e4a80000,0x00000000e4a80000,0x00000000e5500000)
 ParOldGen       total 175104K, used 16K [0x00000000a0000000, 0x00000000aab00000, 0x00000000e0000000)
  object space 175104K, 0% used [0x00000000a0000000,0x00000000a0004000,0x00000000aab00000)
 Metaspace       used 16711K, capacity 17052K, committed 17152K, reserved 1064960K
  class space    used 2403K, capacity 2540K, committed 2560K, reserved 1048576K
Event: 8.704 GC heap after
Heap after GC invocations=2 (full 0):
 PSYoungGen      total 76288K, used 10523K [0x00000000e0000000, 0x00000000e5500000, 0x0000000100000000)
  eden space 65536K, 0% used [0x00000000e0000000,0x00000000e0000000,0x00000000e4000000)
  from space 10752K, 97% used [0x00000000e4a80000,0x00000000e54c6ee0,0x00000000e5500000)
  to   space 10752K, 0% used [0x00000000e4000000,0x00000000e4000000,0x00000000e4a80000)
 ParOldGen       total 175104K, used 24K [0x00000000a0000000, 0x00000000aab00000, 0x00000000e0000000)
  object space 175104K, 0% used [0x00000000a0000000,0x00000000a0006000,0x00000000aab00000)
 Metaspace       used 16711K, capacity 17052K, committed 17152K, reserved 1064960K
  class space    used 2403K, capacity 2540K, committed 2560K, reserved 1048576K
}
Event: 9.149 GC heap before
{Heap before GC invocations=3 (full 0):
 PSYoungGen      total 76288K, used 35355K [0x00000000e0000000, 0x00000000e5500000, 0x0000000100000000)
  eden space 65536K, 37% used [0x00000000e0000000,0x00000000e183ff30,0x00000000e4000000)
  from space 10752K, 97% used [0x00000000e4a80000,0x00000000e54c6ee0,0x00000000e5500000)
  to   space 10752K, 0% used [0x00000000e4000000,0x00000000e4000000,0x00000000e4a80000)
 ParOldGen       total 175104K, used 24K [0x00000000a0000000, 0x00000000aab00000, 0x00000000e0000000)
  object space 175104K, 0% used [0x00000000a0000000,0x00000000a0006000,0x00000000aab00000)
 Metaspace       used 20850K, capacity 21244K, committed 21248K, reserved 1067008K
  class space    used 2926K, capacity 3072K, committed 3072K, reserved 1048576K
Event: 9.154 GC heap after
Heap after GC invocations=3 (full 0):
 PSYoungGen      total 76288K, used 8944K [0x00000000e0000000, 0x00000000e5500000, 0x0000000100000000)
  eden space 65536K, 0% used [0x00000000e0000000,0x00000000e0000000,0x00000000e4000000)
  from space 10752K, 83% used [0x00000000e4000000,0x00000000e48bc028,0x00000000e4a80000)
  to   space 10752K, 0% used [0x00000000e4a80000,0x00000000e4a80000,0x00000000e5500000)
 ParOldGen       total 175104K, used 32K [0x00000000a0000000, 0x00000000aab00000, 0x00000000e0000000)
  object space 175104K, 0% used [0x00000000a0000000,0x00000000a0008000,0x00000000aab00000)
 Metaspace       used 20850K, capacity 21244K, committed 21248K, reserved 1067008K
  class space    used 2926K, capacity 3072K, committed 3072K, reserved 1048576K
}
Event: 9.154 GC heap before
{Heap before GC invocations=4 (full 1):
 PSYoungGen      total 76288K, used 8944K [0x00000000e0000000, 0x00000000e5500000, 0x0000000100000000)
  eden space 65536K, 0% used [0x00000000e0000000,0x00000000e0000000,0x00000000e4000000)
  from space 10752K, 83% used [0x00000000e4000000,0x00000000e48bc028,0x00000000e4a80000)
  to   space 10752K, 0% used [0x00000000e4a80000,0x00000000e4a80000,0x00000000e5500000)
 ParOldGen       total 175104K, used 32K [0x00000000a0000000, 0x00000000aab00000, 0x00000000e0000000)
  object space 175104K, 0% used [0x00000000a0000000,0x00000000a0008000,0x00000000aab00000)
 Metaspace       used 20850K, capacity 21244K, committed 21248K, reserved 1067008K
  class space    used 2926K, capacity 3072K, committed 3072K, reserved 1048576K
Event: 9.185 GC heap after
Heap after GC invocations=4 (full 1):
 PSYoungGen      total 76288K, used 0K [0x00000000e0000000, 0x00000000e5500000, 0x0000000100000000)
  eden space 65536K, 0% used [0x00000000e0000000,0x00000000e0000000,0x00000000e4000000)
  from space 10752K, 0% used [0x00000000e4000000,0x00000000e4000000,0x00000000e4a80000)
  to   space 10752K, 0% used [0x00000000e4a80000,0x00000000e4a80000,0x00000000e5500000)
 ParOldGen       total 92160K, used 8761K [0x00000000a0000000, 0x00000000a5a00000, 0x00000000e0000000)
  object space 92160K, 9% used [0x00000000a0000000,0x00000000a088e5a0,0x00000000a5a00000)
 Metaspace       used 20850K, capacity 21244K, committed 21248K, reserved 1067008K
  class space    used 2926K, capacity 3072K, committed 3072K, reserved 1048576K
}
Event: 9.839 GC heap before
{Heap before GC invocations=5 (full 1):
 PSYoungGen      total 76288K, used 65536K [0x00000000e0000000, 0x00000000e5500000, 0x0000000100000000)
  eden space 65536K, 100% used [0x00000000e0000000,0x00000000e4000000,0x00000000e4000000)
  from space 10752K, 0% used [0x00000000e4000000,0x00000000e4000000,0x00000000e4a80000)
  to   space 10752K, 0% used [0x00000000e4a80000,0x00000000e4a80000,0x00000000e5500000)
 ParOldGen       total 92160K, used 8761K [0x00000000a0000000, 0x00000000a5a00000, 0x00000000e0000000)
  object space 92160K, 9% used [0x00000000a0000000,0x00000000a088e5a0,0x00000000a5a00000)
 Metaspace       used 26540K, capacity 26966K, committed 27136K, reserved 1073152K
  class space    used 3637K, capacity 3797K, committed 3840K, reserved 1048576K
Event: 9.844 GC heap after
Heap after GC invocations=5 (full 1):
 PSYoungGen      total 76288K, used 6852K [0x00000000e0000000, 0x00000000e8380000, 0x0000000100000000)
  eden space 65536K, 0% used [0x00000000e0000000,0x00000000e0000000,0x00000000e4000000)
  from space 10752K, 63% used [0x00000000e4a80000,0x00000000e5131380,0x00000000e5500000)
  to   space 10752K, 0% used [0x00000000e4000000,0x00000000e4000000,0x00000000e4a80000)
 ParOldGen       total 92160K, used 8769K [0x00000000a0000000, 0x00000000a5a00000, 0x00000000e0000000)
  object space 92160K, 9% used [0x00000000a0000000,0x00000000a08905a0,0x00000000a5a00000)
 Metaspace       used 26540K, capacity 26966K, committed 27136K, reserved 1073152K
  class space    used 3637K, capacity 3797K, committed 3840K, reserved 1048576K
}

Deoptimization events (10 events):
Event: 9.556 Thread 0x0000000018dab800 Uncommon trap: reason=class_check action=maybe_recompile pc=0x0000000002a3ad00 method=java.lang.reflect.Method.equals(Ljava/lang/Object;)Z @ 5
Event: 9.556 Thread 0x0000000018dab800 Uncommon trap: reason=class_check action=maybe_recompile pc=0x0000000002a3ad00 method=java.lang.reflect.Method.equals(Ljava/lang/Object;)Z @ 5
Event: 9.656 Thread 0x0000000018dab800 Uncommon trap: reason=class_check action=maybe_recompile pc=0x0000000002a474a8 method=sun.misc.URLClassPath.getLoader(I)Lsun/misc/URLClassPath$Loader; @ 94
Event: 9.665 Thread 0x0000000018dab800 Uncommon trap: reason=class_check action=maybe_recompile pc=0x0000000002a40e30 method=sun.misc.URLClassPath.getLoader(I)Lsun/misc/URLClassPath$Loader; @ 239
Event: 9.744 Thread 0x0000000018dab800 Uncommon trap: reason=unstable_if action=reinterpret pc=0x00000000027b197c method=java.io.WinNTFileSystem.resolve(Ljava/lang/String;Ljava/lang/String;)Ljava/lang/String; @ 49
Event: 9.844 Thread 0x0000000002512800 Uncommon trap: reason=unstable_if action=reinterpret pc=0x00000000029967b8 method=java.lang.ref.Reference.tryHandlePending(Z)Z @ 104
Event: 10.134 Thread 0x0000000018dab800 Uncommon trap: reason=unstable_if action=reinterpret pc=0x0000000002c67260 method=java.net.URI.match(CJJ)Z @ 45
Event: 10.795 Thread 0x0000000018dab800 Uncommon trap: reason=unstable_if action=reinterpret pc=0x0000000002dd9fac method=com.esotericsoftware.kryo.io.Output.writeString(Ljava/lang/CharSequence;)V @ 1
Event: 14.601 Thread 0x0000000018dab800 Uncommon trap: reason=unstable_if action=reinterpret pc=0x0000000002d73f20 method=java.net.URLClassLoader.isSealed(Ljava/lang/String;Ljava/util/jar/Manifest;)Z @ 26
Event: 14.601 Thread 0x0000000018dab800 Uncommon trap: reason=unstable_if action=reinterpret pc=0x0000000002d4a558 method=java.net.URLClassLoader.isSealed(Ljava/lang/String;Ljava/util/jar/Manifest;)Z @ 26

Classes redefined (0 events):
No events

Internal exceptions (10 events):
Event: 14.054 Thread 0x0000000018dab800 Exception <a 'java/security/PrivilegedActionException'> (0x00000000e3be36d0) thrown at [D:\src\AOSP-openjdk-cygwin\jdk8u\hotspot\src\share\vm\prims\jvm.cpp, line 1390]
Event: 14.054 Thread 0x0000000018dab800 Exception <a 'java/security/PrivilegedActionException'> (0x00000000e3be4080) thrown at [D:\src\AOSP-openjdk-cygwin\jdk8u\hotspot\src\share\vm\prims\jvm.cpp, line 1390]
Event: 14.054 Thread 0x0000000018dab800 Exception <a 'java/security/PrivilegedActionException'> (0x00000000e3be6900) thrown at [D:\src\AOSP-openjdk-cygwin\jdk8u\hotspot\src\share\vm\prims\jvm.cpp, line 1390]
Event: 14.054 Thread 0x0000000018dab800 Exception <a 'java/security/PrivilegedActionException'> (0x00000000e3be72b0) thrown at [D:\src\AOSP-openjdk-cygwin\jdk8u\hotspot\src\share\vm\prims\jvm.cpp, line 1390]
Event: 14.054 Thread 0x0000000018dab800 Exception <a 'java/security/PrivilegedActionException'> (0x00000000e3be9d10) thrown at [D:\src\AOSP-openjdk-cygwin\jdk8u\hotspot\src\share\vm\prims\jvm.cpp, line 1390]
Event: 14.054 Thread 0x0000000018dab800 Exception <a 'java/security/PrivilegedActionException'> (0x00000000e3bea6c0) thrown at [D:\src\AOSP-openjdk-cygwin\jdk8u\hotspot\src\share\vm\prims\jvm.cpp, line 1390]
Event: 14.587 Thread 0x0000000018dab800 Exception <a 'java/lang/ClassNotFoundException': org/gradle/api/internal/project/DefaultProject_DecoratedBeanInfo> (0x00000000e3c058c8) thrown at [D:\src\AOSP-openjdk-cygwin\jdk8u\hotspot\src\share\vm\classfile\systemDictionary.cpp, line 210]
Event: 14.589 Thread 0x0000000018dab800 Exception <a 'java/lang/ClassNotFoundException': org/gradle/api/internal/project/DefaultProjectBeanInfo> (0x00000000e3c352d0) thrown at [D:\src\AOSP-openjdk-cygwin\jdk8u\hotspot\src\share\vm\classfile\systemDictionary.cpp, line 210]
Event: 14.589 Thread 0x0000000018dab800 Exception <a 'java/lang/ClassNotFoundException': org/gradle/api/internal/project/DefaultProjectCustomizer> (0x00000000e3c666a8) thrown at [D:\src\AOSP-openjdk-cygwin\jdk8u\hotspot\src\share\vm\classfile\systemDictionary.cpp, line 210]
Event: 14.594 Thread 0x0000000018dab800 Exception <a 'java/lang/ClassNotFoundException': org/gradle/api/internal/project/DefaultProject_DecoratedCustomizer> (0x00000000e3d5e980) thrown at [D:\src\AOSP-openjdk-cygwin\jdk8u\hotspot\src\share\vm\classfile\systemDictionary.cpp, line 210]

Events (10 events):
Event: 14.662 loading class org/gradle/api/internal/tasks/execution/TaskValidator
Event: 14.662 loading class org/gradle/api/internal/tasks/execution/TaskValidator done
Event: 14.662 loading class org/gradle/api/tasks/TaskAction
Event: 14.662 loading class org/gradle/api/tasks/TaskAction done
Event: 14.677 loading class org/gradle/api/tasks/Input
Event: 14.677 loading class org/gradle/api/tasks/Input done
Event: 14.687 loading class org/gradle/api/tasks/Destroys
Event: 14.687 loading class org/gradle/api/tasks/Destroys done
Event: 14.688 loading class org/gradle/api/tasks/Internal
Event: 14.688 loading class org/gradle/api/tasks/Internal done


Dynamic libraries:
0x00007ff6aebb0000 - 0x00007ff6aebe1000 	C:\Program Files\Android\Android Studio\jre\bin\java.exe
0x00007ffb0a7f0000 - 0x00007ffb0a9d1000 	C:\WINDOWS\SYSTEM32\ntdll.dll
0x00007ffb08c70000 - 0x00007ffb08d22000 	C:\WINDOWS\System32\KERNEL32.DLL
0x00007ffb07a00000 - 0x00007ffb07c73000 	C:\WINDOWS\System32\KERNELBASE.dll
0x00007ffb08150000 - 0x00007ffb081f1000 	C:\WINDOWS\System32\ADVAPI32.dll
0x00007ffb08ff0000 - 0x00007ffb0908e000 	C:\WINDOWS\System32\msvcrt.dll
0x00007ffb08b70000 - 0x00007ffb08bcb000 	C:\WINDOWS\System32\sechost.dll
0x00007ffb088e0000 - 0x00007ffb08a04000 	C:\WINDOWS\System32\RPCRT4.dll
0x00007ffb09160000 - 0x00007ffb092f0000 	C:\WINDOWS\System32\USER32.dll
0x00007ffb07100000 - 0x00007ffb07120000 	C:\WINDOWS\System32\win32u.dll
0x00007ffb09350000 - 0x00007ffb09378000 	C:\WINDOWS\System32\GDI32.dll
0x00007ffb06c20000 - 0x00007ffb06db2000 	C:\WINDOWS\System32\gdi32full.dll
0x00007ffb07060000 - 0x00007ffb070ff000 	C:\WINDOWS\System32\msvcp_win.dll
0x00007ffb07120000 - 0x00007ffb0721a000 	C:\WINDOWS\System32\ucrtbase.dll
0x00007ffafad20000 - 0x00007ffafaf89000 	C:\WINDOWS\WinSxS\amd64_microsoft.windows.common-controls_6595b64144ccf1df_6.0.17134.345_none_fb429a5930656358\COMCTL32.dll
0x00007ffb07e20000 - 0x00007ffb08143000 	C:\WINDOWS\System32\combase.dll
0x00007ffb07930000 - 0x00007ffb079aa000 	C:\WINDOWS\System32\bcryptPrimitives.dll
0x00007ffb08f40000 - 0x00007ffb08f6d000 	C:\WINDOWS\System32\IMM32.DLL
0x0000000061400000 - 0x00000000614d2000 	C:\Program Files\Android\Android Studio\jre\jre\bin\msvcr100.dll
0x0000000061560000 - 0x0000000061da1000 	C:\Program Files\Android\Android Studio\jre\jre\bin\server\jvm.dll
0x00007ffb08d30000 - 0x00007ffb08d38000 	C:\WINDOWS\System32\PSAPI.DLL
0x00007ffb01e50000 - 0x00007ffb01e5a000 	C:\WINDOWS\SYSTEM32\VERSION.dll
0x00007ffb039a0000 - 0x00007ffb039c3000 	C:\WINDOWS\SYSTEM32\WINMM.dll
0x00007ffaf2560000 - 0x00007ffaf2569000 	C:\WINDOWS\SYSTEM32\WSOCK32.dll
0x00007ffb08f80000 - 0x00007ffb08fec000 	C:\WINDOWS\System32\WS2_32.dll
0x00007ffb03970000 - 0x00007ffb0399a000 	C:\WINDOWS\SYSTEM32\WINMMBASE.dll
0x00007ffb079b0000 - 0x00007ffb079f9000 	C:\WINDOWS\System32\cfgmgr32.dll
0x00007ffafffd0000 - 0x00007ffafffdf000 	C:\Program Files\Android\Android Studio\jre\jre\bin\verify.dll
0x00007ffafd8c0000 - 0x00007ffafd8e9000 	C:\Program Files\Android\Android Studio\jre\jre\bin\java.dll
0x00007ffafd8a0000 - 0x00007ffafd8b6000 	C:\Program Files\Android\Android Studio\jre\jre\bin\zip.dll
0x00007ffb09380000 - 0x00007ffb0a7bf000 	C:\WINDOWS\System32\SHELL32.dll
0x00007ffb086b0000 - 0x00007ffb08759000 	C:\WINDOWS\System32\shcore.dll
0x00007ffb07220000 - 0x00007ffb0792d000 	C:\WINDOWS\System32\windows.storage.dll
0x00007ffb092f0000 - 0x00007ffb09341000 	C:\WINDOWS\System32\shlwapi.dll
0x00007ffb06b80000 - 0x00007ffb06b91000 	C:\WINDOWS\System32\kernel.appcore.dll
0x00007ffb06ba0000 - 0x00007ffb06bbf000 	C:\WINDOWS\System32\profapi.dll
0x00007ffb06b30000 - 0x00007ffb06b7c000 	C:\WINDOWS\System32\powrprof.dll
0x00007ffb06b00000 - 0x00007ffb06b0a000 	C:\WINDOWS\System32\FLTLIB.DLL
0x00007ffaf8db0000 - 0x00007ffaf8dca000 	C:\Program Files\Android\Android Studio\jre\jre\bin\net.dll
0x00007ffb06380000 - 0x00007ffb063e6000 	C:\WINDOWS\system32\mswsock.dll
0x00007ffaf8830000 - 0x00007ffaf8841000 	C:\Program Files\Android\Android Studio\jre\jre\bin\nio.dll
0x00007ffaef160000 - 0x00007ffaef17e000 	C:\Users\007fa_000\.gradle\native\25\windows-amd64\native-platform.dll
0x00007ffafce80000 - 0x00007ffafce8d000 	C:\Program Files\Android\Android Studio\jre\jre\bin\management.dll
0x00007ffb06530000 - 0x00007ffb06547000 	C:\WINDOWS\SYSTEM32\CRYPTSP.dll
0x00007ffb05f60000 - 0x00007ffb05f93000 	C:\WINDOWS\system32\rsaenh.dll
0x00007ffb06660000 - 0x00007ffb06685000 	C:\WINDOWS\SYSTEM32\bcrypt.dll
0x00007ffb06a00000 - 0x00007ffb06a28000 	C:\WINDOWS\SYSTEM32\USERENV.dll
0x00007ffb06550000 - 0x00007ffb0655b000 	C:\WINDOWS\SYSTEM32\CRYPTBASE.dll
0x00007ffb06100000 - 0x00007ffb06138000 	C:\WINDOWS\SYSTEM32\IPHLPAPI.DLL
0x00007ffb08f70000 - 0x00007ffb08f78000 	C:\WINDOWS\System32\NSI.dll
0x00007ffb01a50000 - 0x00007ffb01a66000 	C:\WINDOWS\SYSTEM32\dhcpcsvc6.DLL
0x00007ffb01a20000 - 0x00007ffb01a3a000 	C:\WINDOWS\SYSTEM32\dhcpcsvc.DLL

VM Arguments:
jvm_args: -Xmx1536m -Dfile.encoding=windows-1252 -Duser.country=US -Duser.language=en -Duser.variant 
java_command: org.gradle.launcher.daemon.bootstrap.GradleDaemon 4.6
java_class_path (initial): C:\Users\007fa_000\.gradle\wrapper\dists\gradle-4.6-all\bcst21l2brirad8k2ben1letg\gradle-4.6\lib\gradle-launcher-4.6.jar
Launcher Type: SUN_STANDARD

Environment Variables:
JAVA_HOME=C:\Program Files\Java\jdk1.8.0_181
CLASSPATH=.;
PATH=C:\ProgramData\Oracle\Java\javapath;C:\Java\jdk1.8.0_45\bin;C:\Windows\System32\;C:\Windows\;C:\Windows\System32\Wbem;C:\Program Files (x86)\NVIDIA Corporation\PhysX\Common;C:\Program Files (x86)\Windows Live\Shared;C:\WINDOWS\system32;C:\WINDOWS;C:\WINDOWS\System32\Wbem;C:\WINDOWS\System32\WindowsPowerShell\v1.0\;C:\Program Files\Common Files\Autodesk Shared\;C:\Program Files (x86)\Autodesk\Backburner\;C:\Program Files\PuTTY\;C:\Program Files\cURL\bin;C:\Program Files (x86)\Skype\Phone\;C:\Program Files\Git\cmd;C:\WINDOWS\System32\OpenSSH\;C:\ProgramData\chocolatey\bin;C:\Program Files\Microsoft VS Code\bin;C:\Program Files\dotnet\;C:\Program Files\Java\jdk1.8.0_181\bin;C:\Program Files\Java\jdk-9.0.4\bin;C:\Users\007fa_000\AppData\Local\Microsoft\WindowsApps;C:\Users\007fa_000\AppData\Local\atom\bin;C:\Users\007fa_000\AppData\Local\GitHubDesktop\bin
USERNAME=007fa_000
OS=Windows_NT
PROCESSOR_IDENTIFIER=Intel64 Family 6 Model 60 Stepping 3, GenuineIntel



---------------  S Y S T E M  ---------------

OS: Windows 10.0 , 64 bit Build 17134 (10.0.17134.1)

CPU:total 4 (initial active 4) (4 cores per cpu, 1 threads per core) family 6 model 60 stepping 3, cmov, cx8, fxsr, mmx, sse, sse2, sse3, ssse3, sse4.1, sse4.2, popcnt, avx, avx2, aes, clmul, erms, lzcnt, tsc, tscinvbit, bmi1, bmi2

Memory: 4k page, physical 16718452k(6787600k free), swap 17767028k(5336k free)

vm_info: OpenJDK 64-Bit Server VM (25.152-b06) for windows-amd64 JRE (1.8.0_152-release-1136-b06), built by "builder" with MS VC++ 10.0 (VS2010)

time: Sun Oct 28 13:24:30 2018
elapsed time: 14 seconds (0d 0h 0m 14s)

