#
# There is insufficient memory for the Java Runtime Environment to continue.
# Native memory allocation (malloc) failed to allocate 65552 bytes for Chunk::new
# Possible reasons:
#   The system is out of physical RAM or swap space
#   In 32 bit mode, the process size limit was hit
# Possible solutions:
#   Reduce memory load on the system
#   Increase physical memory or swap space
#   Check if swap backing store is full
#   Use 64 bit Java on a 64 bit OS
#   Decrease Java heap size (-Xmx/-Xms)
#   Decrease number of Java threads
#   Decrease Java thread stack sizes (-Xss)
#   Set larger code cache with -XX:ReservedCodeCacheSize=
# This output file may be truncated or incomplete.
#
#  Out of Memory Error (allocation.cpp:390), pid=3028, tid=0x000000000000297c
#
# JRE version: OpenJDK Runtime Environment (8.0_152-b06) (build 1.8.0_152-release-1136-b06)
# Java VM: OpenJDK 64-Bit Server VM (25.152-b06 mixed mode windows-amd64 compressed oops)
# Failed to write core dump. Minidumps are not enabled by default on client versions of Windows
#

---------------  T H R E A D  ---------------

Current thread (0x0000000014b61000):  JavaThread "C2 CompilerThread1" daemon [_thread_in_native, id=10620, stack(0x00000000162b0000,0x00000000163b0000)]

Stack: [0x00000000162b0000,0x00000000163b0000]
[error occurred during error reporting (printing stack bounds), id 0xc0000005]

Native frames: (J=compiled Java code, j=interpreted, Vv=VM code, C=native code)


Current CompileTask:
C2:   1335 1338       4       java.net.URLClassLoader$1::run (5 bytes)


---------------  P R O C E S S  ---------------

Java Threads: ( => current thread )
  0x0000000017dd6000 JavaThread "Stdin handler" [_thread_blocked, id=2456, stack(0x0000000019200000,0x0000000019300000)]
  0x0000000017dd4800 JavaThread "Asynchronous log dispatcher for DefaultDaemonConnection: socket connection from /127.0.0.1:60015 to /127.0.0.1:60016" [_thread_blocked, id=9228, stack(0x0000000019100000,0x0000000019200000)]
  0x0000000017aaa000 JavaThread "Daemon worker" [_thread_in_Java, id=11468, stack(0x0000000019000000,0x0000000019100000)]
  0x0000000017aa7800 JavaThread "Cancel handler" [_thread_blocked, id=10460, stack(0x0000000018f00000,0x0000000019000000)]
  0x0000000017c14000 JavaThread "Handler for socket connection from /127.0.0.1:60015 to /127.0.0.1:60016" [_thread_in_native, id=10396, stack(0x0000000018c00000,0x0000000018d00000)]
  0x0000000017a7f000 JavaThread "Daemon" [_thread_blocked, id=9696, stack(0x0000000018b00000,0x0000000018c00000)]
  0x0000000017bf8800 JavaThread "Daemon periodic checks" [_thread_blocked, id=15848, stack(0x0000000018a00000,0x0000000018b00000)]
  0x0000000017ae0800 JavaThread "Incoming local TCP Connector on port 60015" [_thread_in_native, id=9684, stack(0x00000000187c0000,0x00000000188c0000)]
  0x0000000014bbe800 JavaThread "Service Thread" daemon [_thread_blocked, id=15988, stack(0x00000000168b0000,0x00000000169b0000)]
  0x0000000014b64000 JavaThread "C1 CompilerThread2" daemon [_thread_blocked, id=4424, stack(0x00000000163b0000,0x00000000164b0000)]
=>0x0000000014b61000 JavaThread "C2 CompilerThread1" daemon [_thread_in_native, id=10620, stack(0x00000000162b0000,0x00000000163b0000)]
  0x0000000014b5c800 JavaThread "C2 CompilerThread0" daemon [_thread_blocked, id=12000, stack(0x00000000161b0000,0x00000000162b0000)]
  0x0000000014b5b000 JavaThread "Attach Listener" daemon [_thread_blocked, id=12772, stack(0x00000000160b0000,0x00000000161b0000)]
  0x0000000014b5a000 JavaThread "Signal Dispatcher" daemon [_thread_blocked, id=4896, stack(0x0000000015fb0000,0x00000000160b0000)]
  0x000000000245d800 JavaThread "Finalizer" daemon [_thread_blocked, id=13428, stack(0x0000000015db0000,0x0000000015eb0000)]
  0x0000000002452800 JavaThread "Reference Handler" daemon [_thread_blocked, id=14732, stack(0x0000000015cb0000,0x0000000015db0000)]
  0x000000000044e800 JavaThread "main" [_thread_blocked, id=14484, stack(0x0000000002260000,0x0000000002360000)]

Other Threads:
  0x0000000014b26800 VMThread [stack: 0x0000000015bb0000,0x0000000015cb0000] [id=13720]
  0x00000000164dd000 WatcherThread [stack: 0x00000000169b0000,0x0000000016ab0000] [id=13368]

VM state:not at safepoint (normal execution)

VM Mutex/Monitor currently owned by a thread: None

Heap:
 PSYoungGen      total 76288K, used 46079K [0x00000000eab00000, 0x00000000f0000000, 0x0000000100000000)
  eden space 65536K, 58% used [0x00000000eab00000,0x00000000ed087de0,0x00000000eeb00000)
  from space 10752K, 71% used [0x00000000eeb00000,0x00000000ef278158,0x00000000ef580000)
  to   space 10752K, 0% used [0x00000000ef580000,0x00000000ef580000,0x00000000f0000000)
 ParOldGen       total 175104K, used 8K [0x00000000c0000000, 0x00000000cab00000, 0x00000000eab00000)
  object space 175104K, 0% used [0x00000000c0000000,0x00000000c0002000,0x00000000cab00000)
 Metaspace       used 14099K, capacity 14416K, committed 14720K, reserved 1062912K
  class space    used 1972K, capacity 2090K, committed 2176K, reserved 1048576K

Card table byte_map: [0x0000000011830000,0x0000000011a40000] byte_map_base: 0x0000000011230000

Marking Bits: (ParMarkBitMap*) 0x0000000061d25aa0
 Begin Bits: [0x0000000011fa0000, 0x0000000012fa0000)
 End Bits:   [0x0000000012fa0000, 0x0000000013fa0000)

Polling page: 0x0000000000a90000

CodeCache: size=245760Kb used=4620Kb max_used=4620Kb free=241139Kb
 bounds [0x0000000002470000, 0x0000000002900000, 0x0000000011470000]
 total_blobs=1704 nmethods=1337 adapters=281
 compilation: enabled

Compilation events (10 events):
Event: 1.313 Thread 0x0000000014b5c800 nmethod 1334 0x00000000028f0950 code [0x00000000028f0ae0, 0x00000000028f0cd8]
Event: 1.320 Thread 0x0000000014b64000 1335       3       org.gradle.internal.service.DefaultServiceRegistry$OwnServices::getProviders (26 bytes)
Event: 1.320 Thread 0x0000000014b64000 nmethod 1335 0x00000000028effd0 code [0x00000000028f0160, 0x00000000028f0528]
Event: 1.320 Thread 0x0000000014b64000 1337       3       org.gradle.internal.service.DefaultServiceRegistry::find (151 bytes)
Event: 1.321 Thread 0x0000000014b64000 nmethod 1337 0x00000000028f4710 code [0x00000000028f4a60, 0x00000000028f6638]
Event: 1.321 Thread 0x0000000014b64000 1336       3       java.util.Collections::emptyList (4 bytes)
Event: 1.321 Thread 0x0000000014b64000 nmethod 1336 0x00000000028efcd0 code [0x00000000028efe20, 0x00000000028eff50]
Event: 1.322 Thread 0x0000000014b61000 1338       4       java.net.URLClassLoader$1::run (5 bytes)
Event: 1.331 Thread 0x0000000014b64000 1339       3       java.lang.reflect.Constructor::<init> (50 bytes)
Event: 1.332 Thread 0x0000000014b64000 nmethod 1339 0x00000000028f1dd0 code [0x00000000028f1f40, 0x00000000028f2250]

GC Heap History (2 events):
Event: 1.072 GC heap before
{Heap before GC invocations=1 (full 0):
 PSYoungGen      total 76288K, used 65536K [0x00000000eab00000, 0x00000000f0000000, 0x0000000100000000)
  eden space 65536K, 100% used [0x00000000eab00000,0x00000000eeb00000,0x00000000eeb00000)
  from space 10752K, 0% used [0x00000000ef580000,0x00000000ef580000,0x00000000f0000000)
  to   space 10752K, 0% used [0x00000000eeb00000,0x00000000eeb00000,0x00000000ef580000)
 ParOldGen       total 175104K, used 0K [0x00000000c0000000, 0x00000000cab00000, 0x00000000eab00000)
  object space 175104K, 0% used [0x00000000c0000000,0x00000000c0000000,0x00000000cab00000)
 Metaspace       used 10408K, capacity 10600K, committed 10752K, reserved 1058816K
  class space    used 1362K, capacity 1486K, committed 1536K, reserved 1048576K
Event: 1.078 GC heap after
Heap after GC invocations=1 (full 0):
 PSYoungGen      total 76288K, used 7648K [0x00000000eab00000, 0x00000000f0000000, 0x0000000100000000)
  eden space 65536K, 0% used [0x00000000eab00000,0x00000000eab00000,0x00000000eeb00000)
  from space 10752K, 71% used [0x00000000eeb00000,0x00000000ef278158,0x00000000ef580000)
  to   space 10752K, 0% used [0x00000000ef580000,0x00000000ef580000,0x00000000f0000000)
 ParOldGen       total 175104K, used 8K [0x00000000c0000000, 0x00000000cab00000, 0x00000000eab00000)
  object space 175104K, 0% used [0x00000000c0000000,0x00000000c0002000,0x00000000cab00000)
 Metaspace       used 10408K, capacity 10600K, committed 10752K, reserved 1058816K
  class space    used 1362K, capacity 1486K, committed 1536K, reserved 1048576K
}

Deoptimization events (10 events):
Event: 0.617 Thread 0x000000000044e800 Uncommon trap: reason=bimorphic action=maybe_recompile pc=0x00000000026e92b8 method=java.util.HashMap.putVal(ILjava/lang/Object;Ljava/lang/Object;ZZ)Ljava/lang/Object; @ 91
Event: 0.702 Thread 0x000000000044e800 Uncommon trap: reason=bimorphic action=maybe_recompile pc=0x0000000002791d84 method=java.util.HashMap.putVal(ILjava/lang/Object;Ljava/lang/Object;ZZ)Ljava/lang/Object; @ 203
Event: 0.807 Thread 0x000000000044e800 Uncommon trap: reason=unstable_if action=reinterpret pc=0x000000000270ec54 method=java.io.WinNTFileSystem.normalize(Ljava/lang/String;)Ljava/lang/String; @ 128
Event: 0.807 Thread 0x000000000044e800 Uncommon trap: reason=unstable_if action=reinterpret pc=0x000000000279eae8 method=java.io.WinNTFileSystem.normalize(Ljava/lang/String;II)Ljava/lang/String; @ 90
Event: 1.138 Thread 0x0000000017c14000 Uncommon trap: reason=unstable_if action=reinterpret pc=0x000000000285fa30 method=java.util.concurrent.ConcurrentHashMap.putVal(Ljava/lang/Object;Ljava/lang/Object;Z)Ljava/lang/Object; @ 206
Event: 1.181 Thread 0x0000000017aaa000 Uncommon trap: reason=bimorphic action=maybe_recompile pc=0x0000000002791814 method=java.util.HashMap.putVal(ILjava/lang/Object;Ljava/lang/Object;ZZ)Ljava/lang/Object; @ 253
Event: 1.181 Thread 0x0000000017aaa000 Uncommon trap: reason=bimorphic action=maybe_recompile pc=0x0000000002791814 method=java.util.HashMap.putVal(ILjava/lang/Object;Ljava/lang/Object;ZZ)Ljava/lang/Object; @ 253
Event: 1.181 Thread 0x0000000017aaa000 Uncommon trap: reason=bimorphic action=maybe_recompile pc=0x00000000027a5098 method=java.util.HashMap.putVal(ILjava/lang/Object;Ljava/lang/Object;ZZ)Ljava/lang/Object; @ 253
Event: 1.291 Thread 0x0000000017aaa000 Uncommon trap: reason=class_check action=maybe_recompile pc=0x00000000026d5e9c method=java.util.regex.Matcher.match(II)Z @ 86
Event: 1.291 Thread 0x0000000017aaa000 Uncommon trap: reason=class_check action=maybe_recompile pc=0x00000000026d5e9c method=java.util.regex.Matcher.match(II)Z @ 86

Classes redefined (0 events):
No events

Internal exceptions (10 events):
Event: 1.148 Thread 0x0000000017c14000 Exception <a 'java/lang/NoSuchMethodError': <clinit>> (0x00000000eb2f8a48) thrown at [D:\src\AOSP-openjdk-cygwin\jdk8u\hotspot\src\share\vm\prims\jni.cpp, line 1613]
Event: 1.148 Thread 0x0000000017c14000 Exception <a 'java/lang/NoSuchMethodError': <clinit>> (0x00000000eb301510) thrown at [D:\src\AOSP-openjdk-cygwin\jdk8u\hotspot\src\share\vm\prims\jni.cpp, line 1613]
Event: 1.149 Thread 0x0000000017c14000 Exception <a 'java/lang/NoSuchMethodError': <clinit>> (0x00000000eb312bf0) thrown at [D:\src\AOSP-openjdk-cygwin\jdk8u\hotspot\src\share\vm\prims\jni.cpp, line 1613]
Event: 1.156 Thread 0x0000000017c14000 Exception <a 'java/lang/NoSuchMethodError': <clinit>> (0x00000000eb38baf8) thrown at [D:\src\AOSP-openjdk-cygwin\jdk8u\hotspot\src\share\vm\prims\jni.cpp, line 1613]
Event: 1.158 Thread 0x0000000017c14000 Exception <a 'java/lang/NoSuchMethodError': <clinit>> (0x00000000eb3b0910) thrown at [D:\src\AOSP-openjdk-cygwin\jdk8u\hotspot\src\share\vm\prims\jni.cpp, line 1613]
Event: 1.159 Thread 0x0000000017c14000 Exception <a 'java/lang/NoSuchMethodError': <clinit>> (0x00000000eb3cb1b8) thrown at [D:\src\AOSP-openjdk-cygwin\jdk8u\hotspot\src\share\vm\prims\jni.cpp, line 1613]
Event: 1.160 Thread 0x0000000017c14000 Exception <a 'java/lang/NoSuchMethodError': <clinit>> (0x00000000eb3d6cc8) thrown at [D:\src\AOSP-openjdk-cygwin\jdk8u\hotspot\src\share\vm\prims\jni.cpp, line 1613]
Event: 1.162 Thread 0x0000000017c14000 Exception <a 'java/lang/NoSuchMethodError': <clinit>> (0x00000000eb3fab60) thrown at [D:\src\AOSP-openjdk-cygwin\jdk8u\hotspot\src\share\vm\prims\jni.cpp, line 1613]
Event: 1.175 Thread 0x0000000017aaa000 Exception <a 'java/lang/NoSuchMethodError': <clinit>> (0x00000000eb4cd1a8) thrown at [D:\src\AOSP-openjdk-cygwin\jdk8u\hotspot\src\share\vm\prims\jni.cpp, line 1613]
Event: 1.175 Thread 0x0000000017aaa000 Exception <a 'java/lang/NoSuchMethodError': <clinit>> (0x00000000eb4d5430) thrown at [D:\src\AOSP-openjdk-cygwin\jdk8u\hotspot\src\share\vm\prims\jni.cpp, line 1613]

Events (10 events):
Event: 1.333 loading class org/gradle/api/internal/changedetection/state/CachingFileHasher
Event: 1.333 loading class org/gradle/api/internal/changedetection/state/CachingFileHasher done
Event: 1.333 loading class org/gradle/internal/hash/DefaultFileHasher
Event: 1.333 loading class org/gradle/internal/hash/DefaultFileHasher done
Event: 1.333 loading class org/gradle/api/internal/changedetection/state/CachingFileHasher$FileInfoSerializer
Event: 1.333 loading class org/gradle/api/internal/changedetection/state/CachingFileHasher$FileInfoSerializer done
Event: 1.334 loading class org/gradle/cache/PersistentIndexedCacheParameters
Event: 1.334 loading class org/gradle/cache/PersistentIndexedCacheParameters done
Event: 1.334 loading class org/gradle/api/internal/changedetection/state/InMemoryCacheDecoratorFactory$InMemoryCacheDecorator
Event: 1.334 loading class org/gradle/api/internal/changedetection/state/InMemoryCacheDecoratorFactory$InMemoryCacheDecorator done


Dynamic libraries:
0x00007ff6aebb0000 - 0x00007ff6aebe1000 	C:\Program Files\Android\Android Studio\jre\bin\java.exe
0x00007ffb0a7f0000 - 0x00007ffb0a9d1000 	C:\WINDOWS\SYSTEM32\ntdll.dll
0x00007ffb08c70000 - 0x00007ffb08d22000 	C:\WINDOWS\System32\KERNEL32.DLL
0x00007ffb07a00000 - 0x00007ffb07c73000 	C:\WINDOWS\System32\KERNELBASE.dll
0x00007ffb08150000 - 0x00007ffb081f1000 	C:\WINDOWS\System32\ADVAPI32.dll
0x00007ffb08ff0000 - 0x00007ffb0908e000 	C:\WINDOWS\System32\msvcrt.dll
0x00007ffb08b70000 - 0x00007ffb08bcb000 	C:\WINDOWS\System32\sechost.dll
0x00007ffb088e0000 - 0x00007ffb08a04000 	C:\WINDOWS\System32\RPCRT4.dll
0x00007ffb09160000 - 0x00007ffb092f0000 	C:\WINDOWS\System32\USER32.dll
0x00007ffb07100000 - 0x00007ffb07120000 	C:\WINDOWS\System32\win32u.dll
0x00007ffb09350000 - 0x00007ffb09378000 	C:\WINDOWS\System32\GDI32.dll
0x00007ffb06c20000 - 0x00007ffb06db2000 	C:\WINDOWS\System32\gdi32full.dll
0x00007ffb07060000 - 0x00007ffb070ff000 	C:\WINDOWS\System32\msvcp_win.dll
0x00007ffb07120000 - 0x00007ffb0721a000 	C:\WINDOWS\System32\ucrtbase.dll
0x00007ffafad20000 - 0x00007ffafaf89000 	C:\WINDOWS\WinSxS\amd64_microsoft.windows.common-controls_6595b64144ccf1df_6.0.17134.345_none_fb429a5930656358\COMCTL32.dll
0x00007ffb07e20000 - 0x00007ffb08143000 	C:\WINDOWS\System32\combase.dll
0x00007ffb07930000 - 0x00007ffb079aa000 	C:\WINDOWS\System32\bcryptPrimitives.dll
0x00007ffb08f40000 - 0x00007ffb08f6d000 	C:\WINDOWS\System32\IMM32.DLL
0x0000000061400000 - 0x00000000614d2000 	C:\Program Files\Android\Android Studio\jre\jre\bin\msvcr100.dll
0x0000000061560000 - 0x0000000061da1000 	C:\Program Files\Android\Android Studio\jre\jre\bin\server\jvm.dll
0x00007ffb08d30000 - 0x00007ffb08d38000 	C:\WINDOWS\System32\PSAPI.DLL
0x00007ffb039a0000 - 0x00007ffb039c3000 	C:\WINDOWS\SYSTEM32\WINMM.dll
0x00007ffaf2560000 - 0x00007ffaf2569000 	C:\WINDOWS\SYSTEM32\WSOCK32.dll
0x00007ffb01e50000 - 0x00007ffb01e5a000 	C:\WINDOWS\SYSTEM32\VERSION.dll
0x00007ffb08f80000 - 0x00007ffb08fec000 	C:\WINDOWS\System32\WS2_32.dll
0x00007ffb03970000 - 0x00007ffb0399a000 	C:\WINDOWS\SYSTEM32\WINMMBASE.dll
0x00007ffb079b0000 - 0x00007ffb079f9000 	C:\WINDOWS\System32\cfgmgr32.dll
0x00007ffafffd0000 - 0x00007ffafffdf000 	C:\Program Files\Android\Android Studio\jre\jre\bin\verify.dll
0x00007ffafd8c0000 - 0x00007ffafd8e9000 	C:\Program Files\Android\Android Studio\jre\jre\bin\java.dll
0x00007ffafd8a0000 - 0x00007ffafd8b6000 	C:\Program Files\Android\Android Studio\jre\jre\bin\zip.dll
0x00007ffb09380000 - 0x00007ffb0a7bf000 	C:\WINDOWS\System32\SHELL32.dll
0x00007ffb086b0000 - 0x00007ffb08759000 	C:\WINDOWS\System32\shcore.dll
0x00007ffb07220000 - 0x00007ffb0792d000 	C:\WINDOWS\System32\windows.storage.dll
0x00007ffb092f0000 - 0x00007ffb09341000 	C:\WINDOWS\System32\shlwapi.dll
0x00007ffb06b80000 - 0x00007ffb06b91000 	C:\WINDOWS\System32\kernel.appcore.dll
0x00007ffb06ba0000 - 0x00007ffb06bbf000 	C:\WINDOWS\System32\profapi.dll
0x00007ffb06b30000 - 0x00007ffb06b7c000 	C:\WINDOWS\System32\powrprof.dll
0x00007ffb06b00000 - 0x00007ffb06b0a000 	C:\WINDOWS\System32\FLTLIB.DLL
0x00007ffaf8db0000 - 0x00007ffaf8dca000 	C:\Program Files\Android\Android Studio\jre\jre\bin\net.dll
0x00007ffb06380000 - 0x00007ffb063e6000 	C:\WINDOWS\system32\mswsock.dll
0x00007ffaf8830000 - 0x00007ffaf8841000 	C:\Program Files\Android\Android Studio\jre\jre\bin\nio.dll
0x00007ffaef160000 - 0x00007ffaef17e000 	C:\Users\007fa_000\.gradle\native\25\windows-amd64\native-platform.dll
0x00007ffafce80000 - 0x00007ffafce8d000 	C:\Program Files\Android\Android Studio\jre\jre\bin\management.dll
0x00007ffb06530000 - 0x00007ffb06547000 	C:\WINDOWS\SYSTEM32\CRYPTSP.dll
0x00007ffb05f60000 - 0x00007ffb05f93000 	C:\WINDOWS\system32\rsaenh.dll
0x00007ffb06660000 - 0x00007ffb06685000 	C:\WINDOWS\SYSTEM32\bcrypt.dll
0x00007ffb06a00000 - 0x00007ffb06a28000 	C:\WINDOWS\SYSTEM32\USERENV.dll
0x00007ffb06550000 - 0x00007ffb0655b000 	C:\WINDOWS\SYSTEM32\CRYPTBASE.dll
0x00007ffb06100000 - 0x00007ffb06138000 	C:\WINDOWS\SYSTEM32\IPHLPAPI.DLL
0x00007ffb08f70000 - 0x00007ffb08f78000 	C:\WINDOWS\System32\NSI.dll
0x00007ffb01a50000 - 0x00007ffb01a66000 	C:\WINDOWS\SYSTEM32\dhcpcsvc6.DLL
0x00007ffb01a20000 - 0x00007ffb01a3a000 	C:\WINDOWS\SYSTEM32\dhcpcsvc.DLL

VM Arguments:
jvm_args: -Xmx1024m -Dfile.encoding=windows-1252 -Duser.country=US -Duser.language=en -Duser.variant 
java_command: org.gradle.launcher.daemon.bootstrap.GradleDaemon 4.6
java_class_path (initial): C:\Users\007fa_000\.gradle\wrapper\dists\gradle-4.6-all\bcst21l2brirad8k2ben1letg\gradle-4.6\lib\gradle-launcher-4.6.jar
Launcher Type: SUN_STANDARD

Environment Variables:
JAVA_HOME=C:\Program Files\Java\jdk1.8.0_181
CLASSPATH=.;
PATH=C:\ProgramData\Oracle\Java\javapath;C:\Java\jdk1.8.0_45\bin;C:\Windows\System32\;C:\Windows\;C:\Windows\System32\Wbem;C:\Program Files (x86)\NVIDIA Corporation\PhysX\Common;C:\Program Files (x86)\Windows Live\Shared;C:\WINDOWS\system32;C:\WINDOWS;C:\WINDOWS\System32\Wbem;C:\WINDOWS\System32\WindowsPowerShell\v1.0\;C:\Program Files\Common Files\Autodesk Shared\;C:\Program Files (x86)\Autodesk\Backburner\;C:\Program Files\PuTTY\;C:\Program Files\cURL\bin;C:\Program Files (x86)\Skype\Phone\;C:\Program Files\Git\cmd;C:\WINDOWS\System32\OpenSSH\;C:\ProgramData\chocolatey\bin;C:\Program Files\Microsoft VS Code\bin;C:\Program Files\dotnet\;C:\Program Files\Java\jdk1.8.0_181\bin;C:\Program Files\Java\jdk-9.0.4\bin;C:\Users\007fa_000\AppData\Local\Microsoft\WindowsApps;C:\Users\007fa_000\AppData\Local\atom\bin;C:\Users\007fa_000\AppData\Local\GitHubDesktop\bin
USERNAME=007fa_000
OS=Windows_NT
PROCESSOR_IDENTIFIER=Intel64 Family 6 Model 60 Stepping 3, GenuineIntel



---------------  S Y S T E M  ---------------

OS: Windows 10.0 , 64 bit Build 17134 (10.0.17134.1)

CPU:total 4 (initial active 4) (4 cores per cpu, 1 threads per core) family 6 model 60 stepping 3, cmov, cx8, fxsr, mmx, sse, sse2, sse3, ssse3, sse4.1, sse4.2, popcnt, avx, avx2, aes, clmul, erms, lzcnt, tsc, tscinvbit, bmi1, bmi2

Memory: 4k page, physical 16718452k(6065772k free), swap 17767028k(4824k free)

vm_info: OpenJDK 64-Bit Server VM (25.152-b06) for windows-amd64 JRE (1.8.0_152-release-1136-b06), built by "builder" with MS VC++ 10.0 (VS2010)

time: Sun Oct 28 13:27:00 2018
elapsed time: 1 seconds (0d 0h 0m 1s)

